#
# A fatal error has been detected by the Java Runtime Environment:
#
#  EXCEPTION_ACCESS_VIOLATION (0xc0000005) at pc=0x00007ffeb7fd48f5, pid=17500, tid=27184
#
# JRE version: Java(TM) SE Runtime Environment (17.0.8+9) (build 17.0.8+9-LTS-211)
# Java VM: Java HotSpot(TM) 64-Bit Server VM (17.0.8+9-LTS-211, mixed mode, emulated-client, sharing, tiered, compressed oops, compressed class ptrs, g1 gc, windows-amd64)
# Problematic frame:
# C  [openalpr.dll+0x548f5]
#
# No core dump will be written. Minidumps are not enabled by default on client versions of Windows
#
# If you would like to submit a bug report, please visit:
#   https://bugreport.java.com/bugreport/crash.jsp
# The crash happened outside the Java Virtual Machine in native code.
# See problematic frame for where to report the bug.
#

---------------  S U M M A R Y ------------

Command Line: -XX:TieredStopAtLevel=1 -Dspring.output.ansi.enabled=always -Dcom.sun.management.jmxremote -Dspring.jmx.enabled=true -Dspring.liveBeansView.mbeanDomain -Dspring.application.admin.enabled=true -Dmanagement.endpoints.jmx.exposure.include=* -javaagent:D:\develop\ideaU\IntelliJ IDEA 2023.2\lib\idea_rt.jar=64023:D:\develop\ideaU\IntelliJ IDEA 2023.2\bin -Dfile.encoding=UTF-8 com.example.SpringbootApplication

Host: 12th Gen Intel(R) Core(TM) i5-1240P, 16 cores, 15G,  Windows 11 , 64 bit Build 22621 (10.0.22621.3672)
Time: Wed Aug  7 23:56:31 2024  Windows 11 , 64 bit Build 22621 (10.0.22621.3672) elapsed time: 11.029353 seconds (0d 0h 0m 11s)

---------------  T H R E A D  ---------------

Current thread (0x0000016f7a6af300):  JavaThread "http-nio-9090-exec-1" daemon [_thread_in_native, id=27184, stack(0x0000000549400000,0x0000000549500000)]

Stack: [0x0000000549400000,0x0000000549500000],  sp=0x00000005494fb270,  free space=1004k
Native frames: (J=compiled Java code, j=interpreted, Vv=VM code, C=native code)
C  [openalpr.dll+0x548f5]

Java frames: (J=compiled Java code, j=interpreted, Vv=VM code)
j  com.openalpr.jni.Alpr.native_recognize(Ljava/lang/String;)Ljava/lang/String;+0
j  com.openalpr.jni.Alpr.recognize(Ljava/lang/String;)Lcom/openalpr/jni/AlprResults;+2
j  com.example.service.LicensePlateRecognitionService.recognizeLicensePlate(Ljava/lang/String;)Ljava/lang/String;+40
j  com.example.controller.VehicleController.vehicleExit(Lorg/springframework/web/multipart/MultipartFile;)Ljava/lang/String;+85
v  ~StubRoutines::call_stub
J 4483  jdk.internal.reflect.NativeMethodAccessorImpl.invoke0(Ljava/lang/reflect/Method;Ljava/lang/Object;[Ljava/lang/Object;)Ljava/lang/Object; java.base@17.0.8 (0 bytes) @ 0x0000016f65417227 [0x0000016f654171a0+0x0000000000000087]
J 4482 c1 jdk.internal.reflect.NativeMethodAccessorImpl.invoke(Ljava/lang/Object;[Ljava/lang/Object;)Ljava/lang/Object; java.base@17.0.8 (137 bytes) @ 0x0000016f654184cc [0x0000016f65418180+0x000000000000034c]
J 4392 c1 jdk.internal.reflect.DelegatingMethodAccessorImpl.invoke(Ljava/lang/Object;[Ljava/lang/Object;)Ljava/lang/Object; java.base@17.0.8 (10 bytes) @ 0x0000016f653fb364 [0x0000016f653fb320+0x0000000000000044]
J 4396 c1 java.lang.reflect.Method.invoke(Ljava/lang/Object;[Ljava/lang/Object;)Ljava/lang/Object; java.base@17.0.8 (65 bytes) @ 0x0000016f653fc3ec [0x0000016f653fc2e0+0x000000000000010c]
j  org.springframework.web.method.support.InvocableHandlerMethod.doInvoke([Ljava/lang/Object;)Ljava/lang/Object;+29
j  org.springframework.web.method.support.InvocableHandlerMethod.invokeForRequest(Lorg/springframework/web/context/request/NativeWebRequest;Lorg/springframework/web/method/support/ModelAndViewContainer;[Ljava/lang/Object;)Ljava/lang/Object;+41
j  org.springframework.web.servlet.mvc.method.annotation.ServletInvocableHandlerMethod.invokeAndHandle(Lorg/springframework/web/context/request/ServletWebRequest;Lorg/springframework/web/method/support/ModelAndViewContainer;[Ljava/lang/Object;)V+4
j  org.springframework.web.servlet.mvc.method.annotation.RequestMappingHandlerAdapter.invokeHandlerMethod(Ljakarta/servlet/http/HttpServletRequest;Ljakarta/servlet/http/HttpServletResponse;Lorg/springframework/web/method/HandlerMethod;)Lorg/springframework/web/servlet/ModelAndView;+244
j  org.springframework.web.servlet.mvc.method.annotation.RequestMappingHandlerAdapter.handleInternal(Ljakarta/servlet/http/HttpServletRequest;Ljakarta/servlet/http/HttpServletResponse;Lorg/springframework/web/method/HandlerMethod;)Lorg/springframework/web/servlet/ModelAndView;+81
j  org.springframework.web.servlet.mvc.method.AbstractHandlerMethodAdapter.handle(Ljakarta/servlet/http/HttpServletRequest;Ljakarta/servlet/http/HttpServletResponse;Ljava/lang/Object;)Lorg/springframework/web/servlet/ModelAndView;+7
j  org.springframework.web.servlet.DispatcherServlet.doDispatch(Ljakarta/servlet/http/HttpServletRequest;Ljakarta/servlet/http/HttpServletResponse;)V+259
j  org.springframework.web.servlet.DispatcherServlet.doService(Ljakarta/servlet/http/HttpServletRequest;Ljakarta/servlet/http/HttpServletResponse;)V+242
j  org.springframework.web.servlet.FrameworkServlet.processRequest(Ljakarta/servlet/http/HttpServletRequest;Ljakarta/servlet/http/HttpServletResponse;)V+70
j  org.springframework.web.servlet.FrameworkServlet.doPost(Ljakarta/servlet/http/HttpServletRequest;Ljakarta/servlet/http/HttpServletResponse;)V+3
j  jakarta.servlet.http.HttpServlet.service(Ljakarta/servlet/http/HttpServletRequest;Ljakarta/servlet/http/HttpServletResponse;)V+149
j  org.springframework.web.servlet.FrameworkServlet.service(Ljakarta/servlet/http/HttpServletRequest;Ljakarta/servlet/http/HttpServletResponse;)V+20
j  jakarta.servlet.http.HttpServlet.service(Ljakarta/servlet/ServletRequest;Ljakarta/servlet/ServletResponse;)V+36
j  org.apache.catalina.core.ApplicationFilterChain.internalDoFilter(Ljakarta/servlet/ServletRequest;Ljakarta/servlet/ServletResponse;)V+305
j  org.apache.catalina.core.ApplicationFilterChain.doFilter(Ljakarta/servlet/ServletRequest;Ljakarta/servlet/ServletResponse;)V+99
j  org.apache.tomcat.websocket.server.WsFilter.doFilter(Ljakarta/servlet/ServletRequest;Ljakarta/servlet/ServletResponse;Ljakarta/servlet/FilterChain;)V+21
j  org.apache.catalina.core.ApplicationFilterChain.internalDoFilter(Ljakarta/servlet/ServletRequest;Ljakarta/servlet/ServletResponse;)V+135
j  org.apache.catalina.core.ApplicationFilterChain.doFilter(Ljakarta/servlet/ServletRequest;Ljakarta/servlet/ServletResponse;)V+99
j  org.springframework.web.filter.CorsFilter.doFilterInternal(Ljakarta/servlet/http/HttpServletRequest;Ljakarta/servlet/http/HttpServletResponse;Ljakarta/servlet/FilterChain;)V+43
j  org.springframework.web.filter.OncePerRequestFilter.doFilter(Ljakarta/servlet/ServletRequest;Ljakarta/servlet/ServletResponse;Ljakarta/servlet/FilterChain;)V+150
j  org.apache.catalina.core.ApplicationFilterChain.internalDoFilter(Ljakarta/servlet/ServletRequest;Ljakarta/servlet/ServletResponse;)V+135
j  org.apache.catalina.core.ApplicationFilterChain.doFilter(Ljakarta/servlet/ServletRequest;Ljakarta/servlet/ServletResponse;)V+99
j  org.springframework.web.filter.RequestContextFilter.doFilterInternal(Ljakarta/servlet/http/HttpServletRequest;Ljakarta/servlet/http/HttpServletResponse;Ljakarta/servlet/FilterChain;)V+21
j  org.springframework.web.filter.OncePerRequestFilter.doFilter(Ljakarta/servlet/ServletRequest;Ljakarta/servlet/ServletResponse;Ljakarta/servlet/FilterChain;)V+150
j  org.apache.catalina.core.ApplicationFilterChain.internalDoFilter(Ljakarta/servlet/ServletRequest;Ljakarta/servlet/ServletResponse;)V+135
j  org.apache.catalina.core.ApplicationFilterChain.doFilter(Ljakarta/servlet/ServletRequest;Ljakarta/servlet/ServletResponse;)V+99
j  org.springframework.web.filter.FormContentFilter.doFilterInternal(Ljakarta/servlet/http/HttpServletRequest;Ljakarta/servlet/http/HttpServletResponse;Ljakarta/servlet/FilterChain;)V+38
j  org.springframework.web.filter.OncePerRequestFilter.doFilter(Ljakarta/servlet/ServletRequest;Ljakarta/servlet/ServletResponse;Ljakarta/servlet/FilterChain;)V+150
j  org.apache.catalina.core.ApplicationFilterChain.internalDoFilter(Ljakarta/servlet/ServletRequest;Ljakarta/servlet/ServletResponse;)V+135
j  org.apache.catalina.core.ApplicationFilterChain.doFilter(Ljakarta/servlet/ServletRequest;Ljakarta/servlet/ServletResponse;)V+99
j  org.springframework.web.filter.CharacterEncodingFilter.doFilterInternal(Ljakarta/servlet/http/HttpServletRequest;Ljakarta/servlet/http/HttpServletResponse;Ljakarta/servlet/FilterChain;)V+53
j  org.springframework.web.filter.OncePerRequestFilter.doFilter(Ljakarta/servlet/ServletRequest;Ljakarta/servlet/ServletResponse;Ljakarta/servlet/FilterChain;)V+150
j  org.apache.catalina.core.ApplicationFilterChain.internalDoFilter(Ljakarta/servlet/ServletRequest;Ljakarta/servlet/ServletResponse;)V+135
j  org.apache.catalina.core.ApplicationFilterChain.doFilter(Ljakarta/servlet/ServletRequest;Ljakarta/servlet/ServletResponse;)V+99
j  org.apache.catalina.core.StandardWrapperValve.invoke(Lorg/apache/catalina/connector/Request;Lorg/apache/catalina/connector/Response;)V+514
j  org.apache.catalina.core.StandardContextValve.invoke(Lorg/apache/catalina/connector/Request;Lorg/apache/catalina/connector/Response;)V+169
j  org.apache.catalina.authenticator.AuthenticatorBase.invoke(Lorg/apache/catalina/connector/Request;Lorg/apache/catalina/connector/Response;)V+218
j  org.apache.catalina.core.StandardHostValve.invoke(Lorg/apache/catalina/connector/Request;Lorg/apache/catalina/connector/Response;)V+131
j  org.apache.catalina.valves.ErrorReportValve.invoke(Lorg/apache/catalina/connector/Request;Lorg/apache/catalina/connector/Response;)V+6
j  org.apache.catalina.core.StandardEngineValve.invoke(Lorg/apache/catalina/connector/Request;Lorg/apache/catalina/connector/Response;)V+59
j  org.apache.catalina.connector.CoyoteAdapter.service(Lorg/apache/coyote/Request;Lorg/apache/coyote/Response;)V+187
j  org.apache.coyote.http11.Http11Processor.service(Lorg/apache/tomcat/util/net/SocketWrapperBase;)Lorg/apache/tomcat/util/net/AbstractEndpoint$Handler$SocketState;+785
j  org.apache.coyote.AbstractProcessorLight.process(Lorg/apache/tomcat/util/net/SocketWrapperBase;Lorg/apache/tomcat/util/net/SocketEvent;)Lorg/apache/tomcat/util/net/AbstractEndpoint$Handler$SocketState;+152
j  org.apache.coyote.AbstractProtocol$ConnectionHandler.process(Lorg/apache/tomcat/util/net/SocketWrapperBase;Lorg/apache/tomcat/util/net/SocketEvent;)Lorg/apache/tomcat/util/net/AbstractEndpoint$Handler$SocketState;+482
j  org.apache.tomcat.util.net.NioEndpoint$SocketProcessor.doRun()V+249
j  org.apache.tomcat.util.net.SocketProcessorBase.run()V+32
j  org.apache.tomcat.util.threads.ThreadPoolExecutor.runWorker(Lorg/apache/tomcat/util/threads/ThreadPoolExecutor$Worker;)V+92
j  org.apache.tomcat.util.threads.ThreadPoolExecutor$Worker.run()V+5
j  org.apache.tomcat.util.threads.TaskThread$WrappingRunnable.run()V+4
j  java.lang.Thread.run()V+11 java.base@17.0.8
v  ~StubRoutines::call_stub

siginfo: EXCEPTION_ACCESS_VIOLATION (0xc0000005), reading address 0x0000000000000008


Register to memory mapping:

RIP=0x00007ffeb7fd48f5 openalpr.dll
RAX=0x0000e4ba024d3ed3 is an unknown value
RBX=0x00000005494fbb50 is pointing into the stack for thread: 0x0000016f7a6af300
RCX=0x0 is NULL
RDX=0x00000005494fbd90 is pointing into the stack for thread: 0x0000016f7a6af300
RSP=0x00000005494fb270 is pointing into the stack for thread: 0x0000016f7a6af300
RBP=0x00000005494fb370 is pointing into the stack for thread: 0x0000016f7a6af300
RSI=0x0 is NULL
RDI=0x00000005494fbd90 is pointing into the stack for thread: 0x0000016f7a6af300
R8 =0x00000005494fbb50 is pointing into the stack for thread: 0x0000016f7a6af300
R9 =0x00000005494fb528 is pointing into the stack for thread: 0x0000016f7a6af300
R10=0x00000000000002c0 is an unknown value
R11=0x7e000001e0100302 is an unknown value
R12=0x0 is NULL
R13=0x0 is NULL
R14=0x00000005494fc040 is pointing into the stack for thread: 0x0000016f7a6af300
R15=0x0000016f7457be20 points into unknown readable memory: 0x00007ffeb815eb10 | 10 eb 15 b8 fe 7f 00 00


Registers:
RAX=0x0000e4ba024d3ed3, RBX=0x00000005494fbb50, RCX=0x0000000000000000, RDX=0x00000005494fbd90
RSP=0x00000005494fb270, RBP=0x00000005494fb370, RSI=0x0000000000000000, RDI=0x00000005494fbd90
R8 =0x00000005494fbb50, R9 =0x00000005494fb528, R10=0x00000000000002c0, R11=0x7e000001e0100302
R12=0x0000000000000000, R13=0x0000000000000000, R14=0x00000005494fc040, R15=0x0000016f7457be20
RIP=0x00007ffeb7fd48f5, EFLAGS=0x0000000000010246

Top of Stack: (sp=0x00000005494fb270)
0x00000005494fb270:   0000016f5ace02a8 0000000000000020
0x00000005494fb280:   0000016f5ace0ed0 000abd6a000aaa47
0x00000005494fb290:   000ae3b0000ad08d 0000000000000010
0x00000005494fb2a0:   0000000000000000 0000000000000020
0x00000005494fb2b0:   0000000000000000 0000000000000002
0x00000005494fb2c0:   0000000000000000 00000005494fb379
0x00000005494fb2d0:   0000016f00000000 00007fff07c8cc9a
0x00000005494fb2e0:   0000016f5ace0000 000c88b20000000b
0x00000005494fb2f0:   0000000000000010 000cd53e00000000
0x00000005494fb300:   000cfb84000ce861 000d21ca000d0ea7
0x00000005494fb310:   000d481000000002 000d6e56000d5b33
0x00000005494fb320:   000d949c000d8179 000dbae2000da7bf
0x00000005494fb330:   000de128000dce05 0000000000000000
0x00000005494fb340:   000e2db4000e1a91 000e53fa000e40d7
0x00000005494fb350:   fffffffffffffffe 00000005494fbd90
0x00000005494fb360:   00000005494fbb50 000eed12000ed9ef 

Instructions: (pc=0x00007ffeb7fd48f5)
0x00007ffeb7fd47f5:   94 00 00 00 ff 15 d9 79 18 00 48 8b c8 48 8d 15
0x00007ffeb7fd4805:   af ea 18 00 e8 d2 7f fb ff 48 8b c8 f3 0f 10 8f
0x00007ffeb7fd4815:   98 00 00 00 ff 15 b9 79 18 00 48 8b c8 48 8d 15
0x00007ffeb7fd4825:   8f ea 18 00 e8 b2 7f fb ff 48 8b c8 f3 0f 10 8f
0x00007ffeb7fd4835:   8c 00 00 00 ff 15 99 79 18 00 48 8b c8 48 8d 15
0x00007ffeb7fd4845:   6f ea 18 00 e8 92 7f fb ff 48 8b c8 f3 0f 10 8f
0x00007ffeb7fd4855:   90 00 00 00 ff 15 79 79 18 00 48 8b d3 48 8d 4c
0x00007ffeb7fd4865:   24 30 e8 34 66 fc ff 90 48 8d 8c 24 c8 00 00 00
0x00007ffeb7fd4875:   e8 a6 d7 fb ff 48 8d 8c 24 c8 00 00 00 ff 15 68
0x00007ffeb7fd4885:   7a 18 00 48 8b c3 4c 8d 9c 24 30 01 00 00 49 8b
0x00007ffeb7fd4895:   5b 18 49 8b 73 20 49 8b e3 5f c3 48 8b c4 55 53
0x00007ffeb7fd48a5:   56 57 41 54 41 56 41 57 48 8d a8 b8 fe ff ff 48
0x00007ffeb7fd48b5:   81 ec 10 02 00 00 48 c7 45 e0 fe ff ff ff 0f 29
0x00007ffeb7fd48c5:   70 b8 0f 29 78 a8 48 8b 05 1e 0a 25 00 48 33 c4
0x00007ffeb7fd48d5:   48 89 85 e0 00 00 00 49 8b d8 48 8b fa 48 8b f1
0x00007ffeb7fd48e5:   48 89 55 e8 48 89 5d f0 45 33 e4 44 89 64 24 60
0x00007ffeb7fd48f5:   44 38 61 08 75 63 48 8b 41 10 44 38 a0 fa 01 00
0x00007ffeb7fd4905:   00 74 23 48 8d 15 e1 e9 18 00 48 8b 0d ea 78 18
0x00007ffeb7fd4915:   00 e8 c5 7e fb ff 48 8b c8 48 8d 15 9b 84 fb ff
0x00007ffeb7fd4925:   ff 15 9d 79 18 00 48 8b d3 48 8b cf e8 0a 72 fd
0x00007ffeb7fd4935:   ff c7 44 24 60 01 00 00 00 48 8b cb e8 8a 5b fc
0x00007ffeb7fd4945:   ff 48 8b 4b 48 48 8d 53 50 48 3b ca 74 06 e8 0c
0x00007ffeb7fd4955:   8a 03 00 90 e9 03 03 00 00 66 41 0f 6e 50 0c 0f
0x00007ffeb7fd4965:   5b d2 f3 0f 10 49 78 f3 0f 5e ca 66 41 0f 6e 58
0x00007ffeb7fd4975:   08 0f 5b db f3 0f 10 41 7c f3 0f 5e c3 0f 28 f9
0x00007ffeb7fd4985:   f3 0f 59 b9 80 00 00 00 0f 28 f1 f3 0f 59 b1 84
0x00007ffeb7fd4995:   00 00 00 f3 0f 10 a9 94 00 00 00 f3 0f 5e e9 f3
0x00007ffeb7fd49a5:   0f 10 a1 98 00 00 00 f3 0f 5e e0 f3 0f 10 81 90
0x00007ffeb7fd49b5:   00 00 00 f3 0f 11 44 24 50 f3 0f 10 89 8c 00 00
0x00007ffeb7fd49c5:   00 f3 0f 11 4c 24 48 f3 0f 11 64 24 40 f3 0f 11
0x00007ffeb7fd49d5:   6c 24 38 f3 0f 10 81 88 00 00 00 f3 0f 11 44 24
0x00007ffeb7fd49e5:   30 f3 0f 11 74 24 28 f3 0f 11 7c 24 20 48 8d 95 


Stack slot to memory mapping:
stack at sp + 0 slots: 0x0000016f5ace02a8 points into unknown readable memory: 0x0102000301010002 | 02 00 01 01 03 00 02 01
stack at sp + 1 slots: 0x0000000000000020 is an unknown value
stack at sp + 2 slots: 0x0000016f5ace0ed0 points into unknown readable memory: 0x00000000003a0002 | 02 00 3a 00 00 00 00 00
stack at sp + 3 slots: 0x000abd6a000aaa47 is an unknown value
stack at sp + 4 slots: 0x000ae3b0000ad08d is an unknown value
stack at sp + 5 slots: 0x0000000000000010 is an unknown value
stack at sp + 6 slots: 0x0 is NULL
stack at sp + 7 slots: 0x0000000000000020 is an unknown value


---------------  P R O C E S S  ---------------

Threads class SMR info:
_java_thread_list=0x0000016f7b3105c0, length=38, elements={
0x0000016f744423b0, 0x0000016f74443220, 0x0000016f744572d0, 0x0000016f7445a050,
0x0000016f7445ba10, 0x0000016f7445c3c0, 0x0000016f7445ce20, 0x0000016f7445d810,
0x0000016f740eaff0, 0x0000016f74613770, 0x0000016f74615c90, 0x0000016f746161a0,
0x0000016f79556950, 0x0000016f79556e20, 0x0000016f796e7890, 0x0000016f79cdeb00,
0x0000016f79d11fe0, 0x0000016f7a0102a0, 0x0000016f7a0221d0, 0x0000016f7a48de80,
0x0000016f7a5d4120, 0x0000016f7a698590, 0x0000016f7a6b0640, 0x0000016f7a6b0b10,
0x0000016f7a6af300, 0x0000016f7a6b14b0, 0x0000016f7a6b1e50, 0x0000016f7a6af7d0,
0x0000016f7a6b0fe0, 0x0000016f7a6b1980, 0x0000016f7a6ae490, 0x0000016f7a6ae960,
0x0000016f7a6afca0, 0x0000016f7a6b0170, 0x0000016f7b3e6840, 0x0000016f7b3e9390,
0x0000016f7b3e6d10, 0x0000016f7b3e3350
}

Java Threads: ( => current thread )
  0x0000016f744423b0 JavaThread "Reference Handler" daemon [_thread_blocked, id=13632, stack(0x0000000546800000,0x0000000546900000)]
  0x0000016f74443220 JavaThread "Finalizer" daemon [_thread_blocked, id=10400, stack(0x0000000546900000,0x0000000546a00000)]
  0x0000016f744572d0 JavaThread "Signal Dispatcher" daemon [_thread_blocked, id=27296, stack(0x0000000546a00000,0x0000000546b00000)]
  0x0000016f7445a050 JavaThread "Attach Listener" daemon [_thread_blocked, id=21172, stack(0x0000000546b00000,0x0000000546c00000)]
  0x0000016f7445ba10 JavaThread "Service Thread" daemon [_thread_blocked, id=20512, stack(0x0000000546c00000,0x0000000546d00000)]
  0x0000016f7445c3c0 JavaThread "Monitor Deflation Thread" daemon [_thread_blocked, id=19256, stack(0x0000000546d00000,0x0000000546e00000)]
  0x0000016f7445ce20 JavaThread "C1 CompilerThread0" daemon [_thread_blocked, id=23480, stack(0x0000000546e00000,0x0000000546f00000)]
  0x0000016f7445d810 JavaThread "Sweeper thread" daemon [_thread_blocked, id=12884, stack(0x0000000546f00000,0x0000000547000000)]
  0x0000016f740eaff0 JavaThread "Common-Cleaner" daemon [_thread_blocked, id=26808, stack(0x0000000547000000,0x0000000547100000)]
  0x0000016f74613770 JavaThread "C1 CompilerThread1" daemon [_thread_blocked, id=21580, stack(0x0000000547100000,0x0000000547200000)]
  0x0000016f74615c90 JavaThread "C1 CompilerThread2" daemon [_thread_blocked, id=2152, stack(0x0000000547200000,0x0000000547300000)]
  0x0000016f746161a0 JavaThread "C1 CompilerThread3" daemon [_thread_blocked, id=14724, stack(0x0000000547300000,0x0000000547400000)]
  0x0000016f79556950 JavaThread "Monitor Ctrl-Break" daemon [_thread_in_native, id=22836, stack(0x0000000547400000,0x0000000547500000)]
  0x0000016f79556e20 JavaThread "Notification Thread" daemon [_thread_blocked, id=24380, stack(0x0000000547500000,0x0000000547600000)]
  0x0000016f796e7890 JavaThread "RMI TCP Accept-0" daemon [_thread_in_native, id=24960, stack(0x0000000547600000,0x0000000547700000)]
  0x0000016f79cdeb00 JavaThread "C1 CompilerThread4" daemon [_thread_blocked, id=14936, stack(0x0000000548000000,0x0000000548100000)]
  0x0000016f79d11fe0 JavaThread "C1 CompilerThread5" daemon [_thread_blocked, id=16040, stack(0x0000000548100000,0x0000000548200000)]
  0x0000016f7a0102a0 JavaThread "RMI TCP Connection(idle)" daemon [_thread_blocked, id=21472, stack(0x0000000548900000,0x0000000548a00000)]
  0x0000016f7a0221d0 JavaThread "RMI Scheduler(0)" daemon [_thread_blocked, id=24260, stack(0x0000000548b00000,0x0000000548c00000)]
  0x0000016f7a48de80 JavaThread "Catalina-utility-1" [_thread_blocked, id=24916, stack(0x0000000548d00000,0x0000000548e00000)]
  0x0000016f7a5d4120 JavaThread "Catalina-utility-2" [_thread_blocked, id=23684, stack(0x0000000548e00000,0x0000000548f00000)]
  0x0000016f7a698590 JavaThread "container-0" [_thread_blocked, id=14444, stack(0x0000000548f00000,0x0000000549000000)]
  0x0000016f7a6b0640 JavaThread "mysql-cj-abandoned-connection-cleanup" daemon [_thread_blocked, id=27040, stack(0x0000000549000000,0x0000000549100000)]
  0x0000016f7a6b0b10 JavaThread "HikariPool-1 housekeeper" daemon [_thread_blocked, id=10832, stack(0x0000000549200000,0x0000000549300000)]
=>0x0000016f7a6af300 JavaThread "http-nio-9090-exec-1" daemon [_thread_in_native, id=27184, stack(0x0000000549400000,0x0000000549500000)]
  0x0000016f7a6b14b0 JavaThread "http-nio-9090-exec-2" daemon [_thread_blocked, id=27404, stack(0x0000000549500000,0x0000000549600000)]
  0x0000016f7a6b1e50 JavaThread "http-nio-9090-exec-3" daemon [_thread_blocked, id=15740, stack(0x0000000549600000,0x0000000549700000)]
  0x0000016f7a6af7d0 JavaThread "http-nio-9090-exec-4" daemon [_thread_blocked, id=25300, stack(0x0000000549700000,0x0000000549800000)]
  0x0000016f7a6b0fe0 JavaThread "http-nio-9090-exec-5" daemon [_thread_blocked, id=5572, stack(0x0000000549800000,0x0000000549900000)]
  0x0000016f7a6b1980 JavaThread "http-nio-9090-exec-6" daemon [_thread_blocked, id=14984, stack(0x0000000549900000,0x0000000549a00000)]
  0x0000016f7a6ae490 JavaThread "http-nio-9090-exec-7" daemon [_thread_blocked, id=23884, stack(0x0000000549a00000,0x0000000549b00000)]
  0x0000016f7a6ae960 JavaThread "http-nio-9090-exec-8" daemon [_thread_blocked, id=9500, stack(0x0000000549b00000,0x0000000549c00000)]
  0x0000016f7a6afca0 JavaThread "http-nio-9090-exec-9" daemon [_thread_blocked, id=16888, stack(0x0000000549c00000,0x0000000549d00000)]
  0x0000016f7a6b0170 JavaThread "http-nio-9090-exec-10" daemon [_thread_blocked, id=2492, stack(0x0000000549d00000,0x0000000549e00000)]
  0x0000016f7b3e6840 JavaThread "http-nio-9090-Poller" daemon [_thread_in_native, id=27344, stack(0x0000000549e00000,0x0000000549f00000)]
  0x0000016f7b3e9390 JavaThread "http-nio-9090-Acceptor" daemon [_thread_in_native, id=7840, stack(0x0000000549f00000,0x000000054a000000)]
  0x0000016f7b3e6d10 JavaThread "DestroyJavaVM" [_thread_blocked, id=11444, stack(0x0000000546100000,0x0000000546200000)]
  0x0000016f7b3e3350 JavaThread "RMI TCP Connection(3)-192.168.0.110" daemon [_thread_in_native, id=22572, stack(0x000000054a000000,0x000000054a100000)]

Other Threads:
  0x0000016f7443e010 VMThread "VM Thread" [stack: 0x0000000546700000,0x0000000546800000] [id=18816]
  0x0000016f5cf2d750 WatcherThread [stack: 0x0000000547700000,0x0000000547800000] [id=10056]
  0x0000016f5cf9ab40 GCTaskThread "GC Thread#0" [stack: 0x0000000546200000,0x0000000546300000] [id=10584]
  0x0000016f79741480 GCTaskThread "GC Thread#1" [stack: 0x0000000547800000,0x0000000547900000] [id=3140]
  0x0000016f79741730 GCTaskThread "GC Thread#2" [stack: 0x0000000547900000,0x0000000547a00000] [id=27284]
  0x0000016f797419e0 GCTaskThread "GC Thread#3" [stack: 0x0000000547a00000,0x0000000547b00000] [id=12360]
  0x0000016f7994c850 GCTaskThread "GC Thread#4" [stack: 0x0000000547b00000,0x0000000547c00000] [id=17100]
  0x0000016f7973e2f0 GCTaskThread "GC Thread#5" [stack: 0x0000000547c00000,0x0000000547d00000] [id=13088]
  0x0000016f79b41c20 GCTaskThread "GC Thread#6" [stack: 0x0000000547d00000,0x0000000547e00000] [id=15744]
  0x0000016f79b436f0 GCTaskThread "GC Thread#7" [stack: 0x0000000547e00000,0x0000000547f00000] [id=3464]
  0x0000016f79fdc060 GCTaskThread "GC Thread#8" [stack: 0x0000000547f00000,0x0000000548000000] [id=11692]
  0x0000016f79fdc310 GCTaskThread "GC Thread#9" [stack: 0x0000000548500000,0x0000000548600000] [id=22744]
  0x0000016f79fdc5c0 GCTaskThread "GC Thread#10" [stack: 0x0000000548600000,0x0000000548700000] [id=13484]
  0x0000016f79fdc870 GCTaskThread "GC Thread#11" [stack: 0x0000000548700000,0x0000000548800000] [id=5048]
  0x0000016f79fdd740 GCTaskThread "GC Thread#12" [stack: 0x0000000548800000,0x0000000548900000] [id=25240]
  0x0000016f5acdded0 ConcurrentGCThread "G1 Main Marker" [stack: 0x0000000546300000,0x0000000546400000] [id=19196]
  0x0000016f5acde8e0 ConcurrentGCThread "G1 Conc#0" [stack: 0x0000000546400000,0x0000000546500000] [id=4060]
  0x0000016f7a084b80 ConcurrentGCThread "G1 Conc#1" [stack: 0x0000000548a00000,0x0000000548b00000] [id=22208]
  0x0000016f7a0abe50 ConcurrentGCThread "G1 Conc#2" [stack: 0x0000000548c00000,0x0000000548d00000] [id=6804]
  0x0000016f73fb4a40 ConcurrentGCThread "G1 Refine#0" [stack: 0x0000000546500000,0x0000000546600000] [id=3036]
  0x0000016f73fb5460 ConcurrentGCThread "G1 Service" [stack: 0x0000000546600000,0x0000000546700000] [id=2540]

Threads with active compile tasks:

VM state: not at safepoint (normal execution)

VM Mutex/Monitor currently owned by a thread: None

Heap address: 0x0000000704400000, size: 4028 MB, Compressed Oops mode: Zero based, Oop shift amount: 3

CDS archive(s) mapped at: [0x0000016f00000000-0x0000016f00bd0000-0x0000016f00bd0000), size 12386304, SharedBaseAddress: 0x0000016f00000000, ArchiveRelocationMode: 1.
Compressed class space mapped at: 0x0000016f01000000-0x0000016f41000000, reserved size: 1073741824
Narrow klass base: 0x0000016f00000000, Narrow klass shift: 0, Narrow klass range: 0x100000000

GC Precious Log:
 CPUs: 16 total, 16 available
 Memory: 16108M
 Large Page Support: Disabled
 NUMA Support: Disabled
 Compressed Oops: Enabled (Zero based)
 Heap Region Size: 2M
 Heap Min Capacity: 8M
 Heap Initial Capacity: 252M
 Heap Max Capacity: 4028M
 Pre-touch: Disabled
 Parallel Workers: 13
 Concurrent Workers: 3
 Concurrent Refinement Workers: 13
 Periodic GC: Disabled

Heap:
 garbage-first heap   total 90112K, used 50564K [0x0000000704400000, 0x0000000800000000)
  region size 2048K, 13 young (26624K), 3 survivors (6144K)
 Metaspace       used 66586K, committed 67136K, reserved 1114112K
  class space    used 9584K, committed 9856K, reserved 1048576K

Heap Regions: E=young(eden), S=young(survivor), O=old, HS=humongous(starts), HC=humongous(continues), CS=collection set, F=free, OA=open archive, CA=closed archive, TAMS=top-at-mark-start (previous, next)
|   0|0x0000000704400000, 0x0000000704600000, 0x0000000704600000|100%| O|  |TAMS 0x0000000704600000, 0x0000000704400000| Untracked 
|   1|0x0000000704600000, 0x0000000704800000, 0x0000000704800000|100%| O|  |TAMS 0x0000000704800000, 0x0000000704600000| Untracked 
|   2|0x0000000704800000, 0x0000000704a00000, 0x0000000704a00000|100%| O|  |TAMS 0x0000000704a00000, 0x0000000704800000| Untracked 
|   3|0x0000000704a00000, 0x0000000704c00000, 0x0000000704c00000|100%| O|  |TAMS 0x0000000704c00000, 0x0000000704a00000| Untracked 
|   4|0x0000000704c00000, 0x0000000704e00000, 0x0000000704e00000|100%| O|  |TAMS 0x0000000704e00000, 0x0000000704c00000| Untracked 
|   5|0x0000000704e00000, 0x0000000705000000, 0x0000000705000000|100%| O|  |TAMS 0x0000000705000000, 0x0000000704e00000| Untracked 
|   6|0x0000000705000000, 0x0000000705200000, 0x0000000705200000|100%| O|  |TAMS 0x0000000705200000, 0x0000000705000000| Untracked 
|   7|0x0000000705200000, 0x0000000705400000, 0x0000000705400000|100%| O|  |TAMS 0x0000000705400000, 0x0000000705200000| Untracked 
|   8|0x0000000705400000, 0x0000000705600000, 0x0000000705600000|100%| O|  |TAMS 0x0000000705600000, 0x0000000705400000| Untracked 
|   9|0x0000000705600000, 0x00000007057e3c00, 0x0000000705800000| 94%| O|  |TAMS 0x00000007057e3c00, 0x0000000705600000| Untracked 
|  10|0x0000000705800000, 0x0000000705a00000, 0x0000000705a00000|100%| O|  |TAMS 0x0000000705a00000, 0x0000000705800000| Untracked 
|  11|0x0000000705a00000, 0x0000000705a00000, 0x0000000705c00000|  0%| F|  |TAMS 0x0000000705a00000, 0x0000000705a00000| Untracked 
|  12|0x0000000705c00000, 0x0000000705c00000, 0x0000000705e00000|  0%| F|  |TAMS 0x0000000705c00000, 0x0000000705c00000| Untracked 
|  13|0x0000000705e00000, 0x0000000705e00000, 0x0000000706000000|  0%| F|  |TAMS 0x0000000705e00000, 0x0000000705e00000| Untracked 
|  14|0x0000000706000000, 0x0000000706000000, 0x0000000706200000|  0%| F|  |TAMS 0x0000000706000000, 0x0000000706000000| Untracked 
|  15|0x0000000706200000, 0x0000000706200000, 0x0000000706400000|  0%| F|  |TAMS 0x0000000706200000, 0x0000000706200000| Untracked 
|  16|0x0000000706400000, 0x0000000706600000, 0x0000000706600000|100%| O|  |TAMS 0x0000000706600000, 0x0000000706400000| Untracked 
|  17|0x0000000706600000, 0x00000007067dfe00, 0x0000000706800000| 93%| O|  |TAMS 0x00000007067dfe00, 0x0000000706600000| Untracked 
|  18|0x0000000706800000, 0x0000000706800000, 0x0000000706a00000|  0%| F|  |TAMS 0x0000000706800000, 0x0000000706800000| Untracked 
|  19|0x0000000706a00000, 0x0000000706a00000, 0x0000000706c00000|  0%| F|  |TAMS 0x0000000706a00000, 0x0000000706a00000| Untracked 
|  20|0x0000000706c00000, 0x0000000706c00000, 0x0000000706e00000|  0%| F|  |TAMS 0x0000000706c00000, 0x0000000706c00000| Untracked 
|  21|0x0000000706e00000, 0x0000000706f9d848, 0x0000000707000000| 80%| S|CS|TAMS 0x0000000706e00000, 0x0000000706e00000| Complete 
|  22|0x0000000707000000, 0x0000000707200000, 0x0000000707200000|100%| S|CS|TAMS 0x0000000707000000, 0x0000000707000000| Complete 
|  23|0x0000000707200000, 0x0000000707400000, 0x0000000707400000|100%| S|CS|TAMS 0x0000000707200000, 0x0000000707200000| Complete 
|  24|0x0000000707400000, 0x0000000707400000, 0x0000000707600000|  0%| F|  |TAMS 0x0000000707400000, 0x0000000707400000| Untracked 
|  25|0x0000000707600000, 0x0000000707600000, 0x0000000707800000|  0%| F|  |TAMS 0x0000000707600000, 0x0000000707600000| Untracked 
|  26|0x0000000707800000, 0x0000000707800000, 0x0000000707a00000|  0%| F|  |TAMS 0x0000000707800000, 0x0000000707800000| Untracked 
|  27|0x0000000707a00000, 0x0000000707a00000, 0x0000000707c00000|  0%| F|  |TAMS 0x0000000707a00000, 0x0000000707a00000| Untracked 
|  28|0x0000000707c00000, 0x0000000707c00000, 0x0000000707e00000|  0%| F|  |TAMS 0x0000000707c00000, 0x0000000707c00000| Untracked 
|  29|0x0000000707e00000, 0x0000000707e00000, 0x0000000708000000|  0%| F|  |TAMS 0x0000000707e00000, 0x0000000707e00000| Untracked 
|  30|0x0000000708000000, 0x0000000708000000, 0x0000000708200000|  0%| F|  |TAMS 0x0000000708000000, 0x0000000708000000| Untracked 
|  31|0x0000000708200000, 0x0000000708200000, 0x0000000708400000|  0%| F|  |TAMS 0x0000000708200000, 0x0000000708200000| Untracked 
|  32|0x0000000708400000, 0x0000000708400000, 0x0000000708600000|  0%| F|  |TAMS 0x0000000708400000, 0x0000000708400000| Untracked 
|  33|0x0000000708600000, 0x0000000708600000, 0x0000000708800000|  0%| F|  |TAMS 0x0000000708600000, 0x0000000708600000| Untracked 
|  34|0x0000000708800000, 0x00000007089cdcf0, 0x0000000708a00000| 90%| E|  |TAMS 0x0000000708800000, 0x0000000708800000| Complete 
|  35|0x0000000708a00000, 0x0000000708c00000, 0x0000000708c00000|100%| E|CS|TAMS 0x0000000708a00000, 0x0000000708a00000| Complete 
|  36|0x0000000708c00000, 0x0000000708e00000, 0x0000000708e00000|100%| E|CS|TAMS 0x0000000708c00000, 0x0000000708c00000| Complete 
|  37|0x0000000708e00000, 0x0000000709000000, 0x0000000709000000|100%| E|CS|TAMS 0x0000000708e00000, 0x0000000708e00000| Complete 
|  38|0x0000000709000000, 0x0000000709200000, 0x0000000709200000|100%| E|CS|TAMS 0x0000000709000000, 0x0000000709000000| Complete 
|  39|0x0000000709200000, 0x0000000709400000, 0x0000000709400000|100%| E|CS|TAMS 0x0000000709200000, 0x0000000709200000| Complete 
|  47|0x000000070a200000, 0x000000070a400000, 0x000000070a400000|100%| E|CS|TAMS 0x000000070a200000, 0x000000070a200000| Complete 
|  48|0x000000070a400000, 0x000000070a600000, 0x000000070a600000|100%| E|CS|TAMS 0x000000070a400000, 0x000000070a400000| Complete 
|  49|0x000000070a600000, 0x000000070a800000, 0x000000070a800000|100%| E|CS|TAMS 0x000000070a600000, 0x000000070a600000| Complete 
| 125|0x0000000713e00000, 0x0000000714000000, 0x0000000714000000|100%| E|CS|TAMS 0x0000000713e00000, 0x0000000713e00000| Complete 

Card table byte_map: [0x0000016f685e0000,0x0000016f68dc0000] _byte_map_base: 0x0000016f64dbe000

Marking Bits (Prev, Next): (CMBitMap*) 0x0000016f5cf9b190, (CMBitMap*) 0x0000016f5cf9b150
 Prev Bits: [0x0000016f6d490000, 0x0000016f71380000)
 Next Bits: [0x0000016f695a0000, 0x0000016f6d490000)

Polling page: 0x0000016f5c6d0000

Metaspace:

Usage:
  Non-class:     55.67 MB used.
      Class:      9.36 MB used.
       Both:     65.03 MB used.

Virtual space:
  Non-class space:       64.00 MB reserved,      55.94 MB ( 87%) committed,  1 nodes.
      Class space:        1.00 GB reserved,       9.62 MB ( <1%) committed,  1 nodes.
             Both:        1.06 GB reserved,      65.56 MB (  6%) committed. 

Chunk freelists:
   Non-Class:  7.83 MB
       Class:  6.31 MB
        Both:  14.14 MB

MaxMetaspaceSize: unlimited
CompressedClassSpaceSize: 1.00 GB
Initial GC threshold: 21.00 MB
Current GC threshold: 98.12 MB
CDS: on
MetaspaceReclaimPolicy: balanced
 - commit_granule_bytes: 65536.
 - commit_granule_words: 8192.
 - virtual_space_node_default_size: 8388608.
 - enlarge_chunks_in_place: 1.
 - new_chunks_are_fully_committed: 0.
 - uncommit_free_chunks: 1.
 - use_allocation_guard: 0.
 - handle_deallocations: 1.


Internal statistics:

num_allocs_failed_limit: 9.
num_arena_births: 752.
num_arena_deaths: 0.
num_vsnodes_births: 2.
num_vsnodes_deaths: 0.
num_space_committed: 1049.
num_space_uncommitted: 0.
num_chunks_returned_to_freelist: 9.
num_chunks_taken_from_freelist: 3084.
num_chunk_merges: 9.
num_chunk_splits: 2281.
num_chunks_enlarged: 1815.
num_purges: 0.
num_inconsistent_stats: 0.

CodeCache: size=49152Kb used=12496Kb max_used=14104Kb free=36655Kb
 bounds [0x0000016f647a0000, 0x0000016f65570000, 0x0000016f677a0000]
 total_blobs=5994 nmethods=5333 adapters=582
 compilation: enabled
              stopped_count=0, restarted_count=0
 full_count=0

Compilation events (20 events):
Event: 10.907 Thread 0x0000016f7445ce20 5324       1       jdk.internal.org.objectweb.asm.MethodWriter::visitJumpInsn (495 bytes)
Event: 10.907 Thread 0x0000016f79cdeb00 5325       1       jdk.internal.org.objectweb.asm.Label::put (83 bytes)
Event: 10.907 Thread 0x0000016f79d11fe0 5326       1       jdk.internal.org.objectweb.asm.Label::addForwardReference (102 bytes)
Event: 10.908 Thread 0x0000016f79cdeb00 nmethod 5325 0x0000016f64f77510 code [0x0000016f64f77700, 0x0000016f64f77958]
Event: 10.908 Thread 0x0000016f79d11fe0 nmethod 5326 0x0000016f64f76d10 code [0x0000016f64f76ec0, 0x0000016f64f77328]
Event: 10.908 Thread 0x0000016f7445ce20 nmethod 5324 0x0000016f64f75810 code [0x0000016f64f75ac0, 0x0000016f64f76758]
Event: 10.909 Thread 0x0000016f7445ce20 5327       1       org.springframework.context.expression.StandardBeanExpressionResolver$1::isTemplate (2 bytes)
Event: 10.909 Thread 0x0000016f7445ce20 nmethod 5327 0x0000016f64f75510 code [0x0000016f64f756a0, 0x0000016f64f75778]
Event: 10.913 Thread 0x0000016f7445ce20 5328       1       java.util.stream.Streams$ConcatSpliterator::tryAdvance (54 bytes)
Event: 10.913 Thread 0x0000016f7445ce20 nmethod 5328 0x0000016f64f75110 code [0x0000016f64f752c0, 0x0000016f64f75448]
Event: 10.919 Thread 0x0000016f7445ce20 5330       1       java.nio.charset.CharsetDecoder::implOnMalformedInput (1 bytes)
Event: 10.919 Thread 0x0000016f74613770 5331       1       java.nio.charset.CharsetDecoder::onUnmappableCharacter (26 bytes)
Event: 10.919 Thread 0x0000016f79d11fe0 5329       1       java.nio.charset.CharsetDecoder::onMalformedInput (26 bytes)
Event: 10.919 Thread 0x0000016f746161a0 5332       1       java.nio.charset.CharsetDecoder::implOnUnmappableCharacter (1 bytes)
Event: 10.919 Thread 0x0000016f7445ce20 nmethod 5330 0x0000016f64f74e10 code [0x0000016f64f74fa0, 0x0000016f64f75058]
Event: 10.919 Thread 0x0000016f746161a0 nmethod 5332 0x0000016f64f74b10 code [0x0000016f64f74ca0, 0x0000016f64f74d58]
Event: 10.919 Thread 0x0000016f74613770 nmethod 5331 0x0000016f64f74710 code [0x0000016f64f748c0, 0x0000016f64f74a88]
Event: 10.919 Thread 0x0000016f79d11fe0 nmethod 5329 0x0000016f64f74310 code [0x0000016f64f744c0, 0x0000016f64f74688]
Event: 10.919 Thread 0x0000016f74613770 5333       1       jdk.internal.loader.ClassLoaderHelper::mapAlternativeName (2 bytes)
Event: 10.919 Thread 0x0000016f74613770 nmethod 5333 0x0000016f64f74010 code [0x0000016f64f741a0, 0x0000016f64f74258]

GC Heap History (20 events):
Event: 1.125 GC heap before
{Heap before GC invocations=2 (full 0):
 garbage-first heap   total 258048K, used 58930K [0x0000000704400000, 0x0000000800000000)
  region size 2048K, 25 young (51200K), 1 survivors (2048K)
 Metaspace       used 19500K, committed 19712K, reserved 1114112K
  class space    used 2569K, committed 2688K, reserved 1048576K
}
Event: 1.129 GC heap after
{Heap after GC invocations=3 (full 0):
 garbage-first heap   total 258048K, used 15624K [0x0000000704400000, 0x0000000800000000)
  region size 2048K, 3 young (6144K), 3 survivors (6144K)
 Metaspace       used 19500K, committed 19712K, reserved 1114112K
  class space    used 2569K, committed 2688K, reserved 1048576K
}
Event: 1.193 GC heap before
{Heap before GC invocations=3 (full 0):
 garbage-first heap   total 258048K, used 27912K [0x0000000704400000, 0x0000000800000000)
  region size 2048K, 10 young (20480K), 3 survivors (6144K)
 Metaspace       used 21255K, committed 21504K, reserved 1114112K
  class space    used 2763K, committed 2880K, reserved 1048576K
}
Event: 1.197 GC heap after
{Heap after GC invocations=4 (full 0):
 garbage-first heap   total 258048K, used 17123K [0x0000000704400000, 0x0000000800000000)
  region size 2048K, 4 young (8192K), 4 survivors (8192K)
 Metaspace       used 21255K, committed 21504K, reserved 1114112K
  class space    used 2763K, committed 2880K, reserved 1048576K
}
Event: 1.641 GC heap before
{Heap before GC invocations=5 (full 0):
 garbage-first heap   total 75776K, used 53987K [0x0000000704400000, 0x0000000800000000)
  region size 2048K, 23 young (47104K), 4 survivors (8192K)
 Metaspace       used 25170K, committed 25472K, reserved 1114112K
  class space    used 3448K, committed 3584K, reserved 1048576K
}
Event: 1.646 GC heap after
{Heap after GC invocations=6 (full 0):
 garbage-first heap   total 75776K, used 18631K [0x0000000704400000, 0x0000000800000000)
  region size 2048K, 4 young (8192K), 4 survivors (8192K)
 Metaspace       used 25170K, committed 25472K, reserved 1114112K
  class space    used 3448K, committed 3584K, reserved 1048576K
}
Event: 1.671 GC heap before
{Heap before GC invocations=6 (full 0):
 garbage-first heap   total 75776K, used 18631K [0x0000000704400000, 0x0000000800000000)
  region size 2048K, 5 young (10240K), 4 survivors (8192K)
 Metaspace       used 25344K, committed 25600K, reserved 1114112K
  class space    used 3478K, committed 3584K, reserved 1048576K
}
Event: 1.678 GC heap after
{Heap after GC invocations=7 (full 0):
 garbage-first heap   total 75776K, used 19788K [0x0000000704400000, 0x0000000800000000)
  region size 2048K, 1 young (2048K), 1 survivors (2048K)
 Metaspace       used 25344K, committed 25600K, reserved 1114112K
  class space    used 3478K, committed 3584K, reserved 1048576K
}
Event: 2.049 GC heap before
{Heap before GC invocations=7 (full 0):
 garbage-first heap   total 75776K, used 50508K [0x0000000704400000, 0x0000000800000000)
  region size 2048K, 16 young (32768K), 1 survivors (2048K)
 Metaspace       used 29783K, committed 30144K, reserved 1114112K
  class space    used 4167K, committed 4352K, reserved 1048576K
}
Event: 2.054 GC heap after
{Heap after GC invocations=8 (full 0):
 garbage-first heap   total 141312K, used 21358K [0x0000000704400000, 0x0000000800000000)
  region size 2048K, 2 young (4096K), 2 survivors (4096K)
 Metaspace       used 29783K, committed 30144K, reserved 1114112K
  class space    used 4167K, committed 4352K, reserved 1048576K
}
Event: 2.455 GC heap before
{Heap before GC invocations=8 (full 0):
 garbage-first heap   total 141312K, used 58222K [0x0000000704400000, 0x0000000800000000)
  region size 2048K, 21 young (43008K), 2 survivors (4096K)
 Metaspace       used 35502K, committed 35968K, reserved 1114112K
  class space    used 4961K, committed 5184K, reserved 1048576K
}
Event: 2.459 GC heap after
{Heap after GC invocations=9 (full 0):
 garbage-first heap   total 141312K, used 23398K [0x0000000704400000, 0x0000000800000000)
  region size 2048K, 3 young (6144K), 3 survivors (6144K)
 Metaspace       used 35502K, committed 35968K, reserved 1114112K
  class space    used 4961K, committed 5184K, reserved 1048576K
}
Event: 3.022 GC heap before
{Heap before GC invocations=10 (full 0):
 garbage-first heap   total 90112K, used 72550K [0x0000000704400000, 0x0000000800000000)
  region size 2048K, 28 young (57344K), 3 survivors (6144K)
 Metaspace       used 46240K, committed 46720K, reserved 1114112K
  class space    used 6462K, committed 6720K, reserved 1048576K
}
Event: 3.028 GC heap after
{Heap after GC invocations=11 (full 0):
 garbage-first heap   total 90112K, used 26830K [0x0000000704400000, 0x0000000800000000)
  region size 2048K, 5 young (10240K), 5 survivors (10240K)
 Metaspace       used 46240K, committed 46720K, reserved 1114112K
  class space    used 6462K, committed 6720K, reserved 1048576K
}
Event: 3.500 GC heap before
{Heap before GC invocations=11 (full 0):
 garbage-first heap   total 90112K, used 65742K [0x0000000704400000, 0x0000000800000000)
  region size 2048K, 24 young (49152K), 5 survivors (10240K)
 Metaspace       used 55018K, committed 55488K, reserved 1114112K
  class space    used 7903K, committed 8128K, reserved 1048576K
}
Event: 3.505 GC heap after
{Heap after GC invocations=12 (full 0):
 garbage-first heap   total 90112K, used 28606K [0x0000000704400000, 0x0000000800000000)
  region size 2048K, 2 young (4096K), 2 survivors (4096K)
 Metaspace       used 55018K, committed 55488K, reserved 1114112K
  class space    used 7903K, committed 8128K, reserved 1048576K
}
Event: 3.700 GC heap before
{Heap before GC invocations=12 (full 0):
 garbage-first heap   total 90112K, used 44990K [0x0000000704400000, 0x0000000800000000)
  region size 2048K, 11 young (22528K), 2 survivors (4096K)
 Metaspace       used 59721K, committed 60160K, reserved 1114112K
  class space    used 8490K, committed 8704K, reserved 1048576K
}
Event: 3.703 GC heap after
{Heap after GC invocations=13 (full 0):
 garbage-first heap   total 90112K, used 29495K [0x0000000704400000, 0x0000000800000000)
  region size 2048K, 2 young (4096K), 2 survivors (4096K)
 Metaspace       used 59721K, committed 60160K, reserved 1114112K
  class space    used 8490K, committed 8704K, reserved 1048576K
}
Event: 4.101 GC heap before
{Heap before GC invocations=14 (full 0):
 garbage-first heap   total 90112K, used 66359K [0x0000000704400000, 0x0000000800000000)
  region size 2048K, 20 young (40960K), 2 survivors (4096K)
 Metaspace       used 63664K, committed 64192K, reserved 1114112K
  class space    used 9169K, committed 9408K, reserved 1048576K
}
Event: 4.105 GC heap after
{Heap after GC invocations=15 (full 0):
 garbage-first heap   total 90112K, used 32132K [0x0000000704400000, 0x0000000800000000)
  region size 2048K, 3 young (6144K), 3 survivors (6144K)
 Metaspace       used 63664K, committed 64192K, reserved 1114112K
  class space    used 9169K, committed 9408K, reserved 1048576K
}

Deoptimization events (16 events):
Event: 0.988 Thread 0x0000016f5cf2c8e0 DEOPT PACKING pc=0x0000016f650828f9 sp=0x00000005461fcf30
Event: 0.988 Thread 0x0000016f5cf2c8e0 DEOPT UNPACKING pc=0x0000016f647f2b43 sp=0x00000005461fc410 mode 3
Event: 1.798 Thread 0x0000016f5cf2c8e0 DEOPT PACKING pc=0x0000016f65291b79 sp=0x00000005461fddb0
Event: 1.798 Thread 0x0000016f5cf2c8e0 DEOPT UNPACKING pc=0x0000016f647f2b43 sp=0x00000005461fd290 mode 3
Event: 2.063 Thread 0x0000016f5cf2c8e0 DEOPT PACKING pc=0x0000016f6530f925 sp=0x00000005461fd110
Event: 2.063 Thread 0x0000016f5cf2c8e0 DEOPT UNPACKING pc=0x0000016f647f2b43 sp=0x00000005461fc678 mode 3
Event: 2.223 Thread 0x0000016f5cf2c8e0 DEOPT PACKING pc=0x0000016f6503fe09 sp=0x00000005461fe7b0
Event: 2.223 Thread 0x0000016f5cf2c8e0 DEOPT UNPACKING pc=0x0000016f647f2b43 sp=0x00000005461fdc40 mode 3
Event: 2.223 Thread 0x0000016f7a5d4120 DEOPT PACKING pc=0x0000016f6503061f sp=0x0000000548efebc0
Event: 2.223 Thread 0x0000016f7a5d4120 DEOPT UNPACKING pc=0x0000016f647f2b43 sp=0x0000000548efe018 mode 3
Event: 3.623 Thread 0x0000016f5cf2c8e0 DEOPT PACKING pc=0x0000016f65046562 sp=0x00000005461fca80
Event: 3.623 Thread 0x0000016f5cf2c8e0 DEOPT UNPACKING pc=0x0000016f647f2b43 sp=0x00000005461fbf88 mode 3
Event: 3.623 Thread 0x0000016f5cf2c8e0 DEOPT PACKING pc=0x0000016f6502e865 sp=0x00000005461fca40
Event: 3.623 Thread 0x0000016f5cf2c8e0 DEOPT UNPACKING pc=0x0000016f647f2b43 sp=0x00000005461fbf88 mode 3
Event: 3.713 Thread 0x0000016f5cf2c8e0 DEOPT PACKING pc=0x0000016f650af454 sp=0x00000005461fd0a0
Event: 3.713 Thread 0x0000016f5cf2c8e0 DEOPT UNPACKING pc=0x0000016f647f2b43 sp=0x00000005461fc5f8 mode 0

Classes unloaded (0 events):
No events

Classes redefined (0 events):
No events

Internal exceptions (20 events):
Event: 3.648 Thread 0x0000016f5cf2c8e0 Exception <a 'java/lang/IncompatibleClassChangeError'{0x0000000708e04fe8}: Found class java.lang.Object, but interface was expected> (0x0000000708e04fe8) 
thrown [s\open\src\hotspot\share\interpreter\linkResolver.cpp, line 826]
Event: 3.706 Thread 0x0000016f7a0102a0 Exception <a 'java/lang/reflect/InvocationTargetException'{0x0000000713ecde38}> (0x0000000713ecde38) 
thrown [s\open\src\hotspot\share\runtime\reflection.cpp, line 1121]
Event: 3.742 Thread 0x0000016f5cf2c8e0 Exception <a 'java/lang/IncompatibleClassChangeError'{0x000000070a6d97e8}: Found class java.lang.Object, but interface was expected> (0x000000070a6d97e8) 
thrown [s\open\src\hotspot\share\interpreter\linkResolver.cpp, line 826]
Event: 3.746 Thread 0x0000016f5cf2c8e0 Exception <a 'java/lang/NoSuchMethodError'{0x000000070a72e408}: 'void java.lang.invoke.DirectMethodHandle$Holder.invokeSpecial(java.lang.Object, java.lang.Object, java.lang.Object, java.lang.Object, java.lang.Object, java.lang.Object, java.lang.Object)'> (0x000000070a72e408) 
thrown [s\open\src\hotspot\share\interpreter\linkResolver.cpp, line 759]
Event: 3.785 Thread 0x0000016f5cf2c8e0 Exception <a 'java/lang/reflect/InvocationTargetException'{0x0000000709020170}> (0x0000000709020170) 
thrown [s\open\src\hotspot\share\runtime\reflection.cpp, line 1121]
Event: 3.791 Thread 0x0000016f5cf2c8e0 Exception <a 'java/lang/NoSuchMethodError'{0x000000070908fdf0}: 'int java.lang.invoke.DirectMethodHandle$Holder.invokeStatic(java.lang.Object, java.lang.Object, int)'> (0x000000070908fdf0) 
thrown [s\open\src\hotspot\share\interpreter\linkResolver.cpp, line 759]
Event: 3.792 Thread 0x0000016f5cf2c8e0 Exception <a 'java/lang/NoSuchMethodError'{0x00000007090b7500}: 'java.lang.Object java.lang.invoke.DirectMethodHandle$Holder.newInvokeSpecial(java.lang.Object, java.lang.Object, int)'> (0x00000007090b7500) 
thrown [s\open\src\hotspot\share\interpreter\linkResolver.cpp, line 759]
Event: 3.795 Thread 0x0000016f5cf2c8e0 Exception <a 'java/lang/NoSuchMethodError'{0x00000007090dd650}: 'java.lang.Object java.lang.invoke.Invokers$Holder.invoke_MT(java.lang.Object, java.lang.Object, java.lang.Object, java.lang.Object, java.lang.Object, java.lang.Object, java.lang.Object, java.lang.Object, java.lang.Object)'> (0x00000007090dd650) 
thrown [s\open\src\hotspot\share\interpreter\linkResolver.cpp, line 759]
Event: 3.797 Thread 0x0000016f5cf2c8e0 Exception <a 'java/lang/IncompatibleClassChangeError'{0x0000000709108048}: Found class java.lang.Object, but interface was expected> (0x0000000709108048) 
thrown [s\open\src\hotspot\share\interpreter\linkResolver.cpp, line 826]
Event: 3.843 Thread 0x0000016f5cf2c8e0 Exception <a 'java/lang/NoSuchMethodError'{0x0000000708fedc08}: 'int java.lang.invoke.DirectMethodHandle$Holder.invokeStaticInit(java.lang.Object, java.lang.Object, java.lang.Object, java.lang.Object)'> (0x0000000708fedc08) 
thrown [s\open\src\hotspot\share\interpreter\linkResolver.cpp, line 759]
Event: 3.849 Thread 0x0000016f5cf2c8e0 Exception <a 'java/lang/NoClassDefFoundError'{0x0000000708c62c70}: io/github/logtube/Logtube> (0x0000000708c62c70) 
thrown [s\open\src\hotspot\share\classfile\systemDictionary.cpp, line 245]
Event: 3.849 Thread 0x0000016f5cf2c8e0 Exception <a 'java/lang/reflect/InvocationTargetException'{0x0000000708c631e8}> (0x0000000708c631e8) 
thrown [s\open\src\hotspot\share\runtime\reflection.cpp, line 1121]
Event: 3.959 Thread 0x0000016f5cf2c8e0 Exception <a 'java/lang/NoSuchMethodError'{0x0000000708181608}: 'void java.lang.invoke.DirectMethodHandle$Holder.invokeVirtual(java.lang.Object, java.lang.Object, long)'> (0x0000000708181608) 
thrown [s\open\src\hotspot\share\interpreter\linkResolver.cpp, line 759]
Event: 4.033 Thread 0x0000016f5cf2c8e0 Exception <a 'java/lang/IncompatibleClassChangeError'{0x0000000707ba3ff0}: Found class java.lang.Object, but interface was expected> (0x0000000707ba3ff0) 
thrown [s\open\src\hotspot\share\interpreter\linkResolver.cpp, line 826]
Event: 4.209 Thread 0x0000016f5cf2c8e0 Exception <a 'java/lang/NoSuchMethodError'{0x00000007093f1278}: 'java.lang.Object java.lang.invoke.DirectMethodHandle$Holder.newInvokeSpecial(java.lang.Object, java.lang.Object, int, java.lang.Object, java.lang.Object)'> (0x00000007093f1278) 
thrown [s\open\src\hotspot\share\interpreter\linkResolver.cpp, line 759]
Event: 4.209 Thread 0x0000016f5cf2c8e0 Exception <a 'java/lang/NoSuchMethodError'{0x00000007093fc8f0}: 'java.lang.Object java.lang.invoke.DirectMethodHandle$Holder.invokeSpecial(java.lang.Object, java.lang.Object, int, java.lang.Object, int, java.lang.Object)'> (0x00000007093fc8f0) 
thrown [s\open\src\hotspot\share\interpreter\linkResolver.cpp, line 759]
Event: 4.210 Thread 0x0000016f5cf2c8e0 Exception <a 'java/lang/NoSuchMethodError'{0x0000000709024ca0}: 'java.lang.Object java.lang.invoke.DirectMethodHandle$Holder.newInvokeSpecial(java.lang.Object, java.lang.Object, int, java.lang.Object, int)'> (0x0000000709024ca0) 
thrown [s\open\src\hotspot\share\interpreter\linkResolver.cpp, line 759]
Event: 4.210 Thread 0x0000016f5cf2c8e0 Exception <a 'java/lang/NoSuchMethodError'{0x0000000709028da0}: 'java.lang.Object java.lang.invoke.DirectMethodHandle$Holder.invokeSpecial(java.lang.Object, java.lang.Object, java.lang.Object, int, java.lang.Object, int)'> (0x0000000709028da0) 
thrown [s\open\src\hotspot\share\interpreter\linkResolver.cpp, line 759]
Event: 10.835 Thread 0x0000016f7a6b14b0 Exception <a 'java/lang/NoSuchMethodError'{0x0000000708d95580}: 'java.lang.Object java.lang.invoke.DirectMethodHandle$Holder.invokeSpecial(java.lang.Object, java.lang.Object, java.lang.Object, java.lang.Object, java.lang.Object, long)'> (0x0000000708d95580) 
thrown [s\open\src\hotspot\share\interpreter\linkResolver.cpp, line 759]
Event: 10.835 Thread 0x0000016f7a6b14b0 Exception <a 'java/lang/NoSuchMethodError'{0x0000000708d98fc0}: 'java.lang.Object java.lang.invoke.Invokers$Holder.linkToTargetMethod(java.lang.Object, java.lang.Object, java.lang.Object, long, java.lang.Object)'> (0x0000000708d98fc0) 
thrown [s\open\src\hotspot\share\interpreter\linkResolver.cpp, line 759]

VM Operations (20 events):
Event: 3.887 Executing VM operation: HandshakeAllThreads
Event: 3.887 Executing VM operation: HandshakeAllThreads done
Event: 3.907 Executing VM operation: HandshakeAllThreads
Event: 3.907 Executing VM operation: HandshakeAllThreads done
Event: 3.974 Executing VM operation: HandshakeAllThreads
Event: 3.974 Executing VM operation: HandshakeAllThreads done
Event: 4.020 Executing VM operation: HandshakeAllThreads
Event: 4.020 Executing VM operation: HandshakeAllThreads done
Event: 4.020 Executing VM operation: HandshakeAllThreads
Event: 4.020 Executing VM operation: HandshakeAllThreads done
Event: 4.101 Executing VM operation: G1CollectForAllocation
Event: 4.105 Executing VM operation: G1CollectForAllocation done
Event: 5.115 Executing VM operation: Cleanup
Event: 5.116 Executing VM operation: Cleanup done
Event: 9.149 Executing VM operation: Cleanup
Event: 9.149 Executing VM operation: Cleanup done
Event: 10.843 Executing VM operation: HandshakeAllThreads
Event: 10.843 Executing VM operation: HandshakeAllThreads done
Event: 10.847 Executing VM operation: HandshakeAllThreads
Event: 10.847 Executing VM operation: HandshakeAllThreads done

Events (20 events):
Event: 10.810 loading class java/nio/channels/SelectionKey
Event: 10.810 loading class java/nio/channels/SelectionKey done
Event: 10.810 loading class java/nio/channels/spi/AbstractSelectionKey done
Event: 10.810 loading class sun/nio/ch/SelectionKeyImpl done
Event: 10.810 loading class java/lang/invoke/ConstantBootstraps
Event: 10.811 loading class java/lang/invoke/ConstantBootstraps done
Event: 10.828 Thread 0x0000016f79d547b0 Thread exited: 0x0000016f79d547b0
Event: 10.837 loading class sun/nio/cs/ThreadLocalCoders
Event: 10.837 loading class sun/nio/cs/ThreadLocalCoders done
Event: 10.837 loading class sun/nio/cs/ThreadLocalCoders$1
Event: 10.838 loading class sun/nio/cs/ThreadLocalCoders$Cache
Event: 10.838 loading class sun/nio/cs/ThreadLocalCoders$Cache done
Event: 10.838 loading class sun/nio/cs/ThreadLocalCoders$1 done
Event: 10.838 loading class sun/nio/cs/ThreadLocalCoders$2
Event: 10.838 loading class sun/nio/cs/ThreadLocalCoders$2 done
Event: 10.838 loading class sun/nio/cs/ISO_8859_1$Decoder
Event: 10.838 loading class sun/nio/cs/ISO_8859_1$Decoder done
Event: 10.889 loading class java/io/FileOutputStream$1
Event: 10.889 loading class java/io/FileOutputStream$1 done
Event: 10.933 Loaded shared library D:\develop\openalpr\openalpr-2.3.0-win-64bit\openalpr_64\openalprjni.dll


Dynamic libraries:
0x00007ff6f4800000 - 0x00007ff6f4810000 	D:\develop\jdk\bin\java.exe
0x00007fff07c50000 - 0x00007fff07e67000 	C:\WINDOWS\SYSTEM32\ntdll.dll
0x00007fff07000000 - 0x00007fff070c4000 	C:\WINDOWS\System32\KERNEL32.DLL
0x00007fff04fe0000 - 0x00007fff0538d000 	C:\WINDOWS\System32\KERNELBASE.dll
0x00007fff05390000 - 0x00007fff054a1000 	C:\WINDOWS\System32\ucrtbase.dll
0x00007ffef2da0000 - 0x00007ffef2dbb000 	D:\develop\jdk\bin\VCRUNTIME140.dll
0x00007ffef2780000 - 0x00007ffef2799000 	D:\develop\jdk\bin\jli.dll
0x00007fff05a10000 - 0x00007fff05ac2000 	C:\WINDOWS\System32\ADVAPI32.dll
0x00007fff06b30000 - 0x00007fff06bd7000 	C:\WINDOWS\System32\msvcrt.dll
0x00007fff06590000 - 0x00007fff06639000 	C:\WINDOWS\System32\sechost.dll
0x00007fff04f80000 - 0x00007fff04fa8000 	C:\WINDOWS\System32\bcrypt.dll
0x00007fff07550000 - 0x00007fff07664000 	C:\WINDOWS\System32\RPCRT4.dll
0x00007fff07950000 - 0x00007fff07afe000 	C:\WINDOWS\System32\USER32.dll
0x00007fff04fb0000 - 0x00007fff04fd6000 	C:\WINDOWS\System32\win32u.dll
0x00007fff06830000 - 0x00007fff06859000 	C:\WINDOWS\System32\GDI32.dll
0x00007fff055c0000 - 0x00007fff056d9000 	C:\WINDOWS\System32\gdi32full.dll
0x00007fff05520000 - 0x00007fff055ba000 	C:\WINDOWS\System32\msvcp_win.dll
0x00007ffee16e0000 - 0x00007ffee1973000 	C:\WINDOWS\WinSxS\amd64_microsoft.windows.common-controls_6595b64144ccf1df_6.0.22621.3672_none_2713b9d173822955\COMCTL32.dll
0x00007ffeee8e0000 - 0x00007ffeee8ea000 	C:\WINDOWS\SYSTEM32\VERSION.dll
0x00007fff06940000 - 0x00007fff06971000 	C:\WINDOWS\System32\IMM32.DLL
0x00007ffef34c0000 - 0x00007ffef34cc000 	D:\develop\jdk\bin\vcruntime140_1.dll
0x00007ffeda690000 - 0x00007ffeda71e000 	D:\develop\jdk\bin\msvcp140.dll
0x00007ffe561c0000 - 0x00007ffe56d9e000 	D:\develop\jdk\bin\server\jvm.dll
0x00007fff06f70000 - 0x00007fff06f78000 	C:\WINDOWS\System32\PSAPI.DLL
0x00007ffefeec0000 - 0x00007ffefeec9000 	C:\WINDOWS\SYSTEM32\WSOCK32.dll
0x00007ffefdf30000 - 0x00007ffefdf64000 	C:\WINDOWS\SYSTEM32\WINMM.dll
0x00007fff06f80000 - 0x00007fff06ff1000 	C:\WINDOWS\System32\WS2_32.dll
0x00007fff03f80000 - 0x00007fff03f98000 	C:\WINDOWS\SYSTEM32\kernel.appcore.dll
0x00007ffef3480000 - 0x00007ffef348a000 	D:\develop\jdk\bin\jimage.dll
0x00007fff021a0000 - 0x00007fff023d2000 	C:\WINDOWS\SYSTEM32\DBGHELP.DLL
0x00007fff06be0000 - 0x00007fff06f68000 	C:\WINDOWS\System32\combase.dll
0x00007fff06640000 - 0x00007fff06717000 	C:\WINDOWS\System32\OLEAUT32.dll
0x00007ffeeb7f0000 - 0x00007ffeeb822000 	C:\WINDOWS\SYSTEM32\dbgcore.DLL
0x00007fff056e0000 - 0x00007fff0575b000 	C:\WINDOWS\System32\bcryptPrimitives.dll
0x00007ffefda90000 - 0x00007ffefda9e000 	D:\develop\jdk\bin\instrument.dll
0x00007ffef1590000 - 0x00007ffef15b5000 	D:\develop\jdk\bin\java.dll
0x00007ffec7f80000 - 0x00007ffec8057000 	D:\develop\jdk\bin\jsvml.dll
0x00007fff05ad0000 - 0x00007fff0632f000 	C:\WINDOWS\System32\SHELL32.dll
0x00007fff02e80000 - 0x00007fff0377c000 	C:\WINDOWS\SYSTEM32\windows.storage.dll
0x00007fff02d40000 - 0x00007fff02e7f000 	C:\WINDOWS\SYSTEM32\wintypes.dll
0x00007fff06730000 - 0x00007fff06824000 	C:\WINDOWS\System32\SHCORE.dll
0x00007fff07b00000 - 0x00007fff07b5e000 	C:\WINDOWS\System32\shlwapi.dll
0x00007fff04eb0000 - 0x00007fff04ed1000 	C:\WINDOWS\SYSTEM32\profapi.dll
0x00007ffef14a0000 - 0x00007ffef14b8000 	D:\develop\jdk\bin\zip.dll
0x00007ffef2660000 - 0x00007ffef2679000 	D:\develop\jdk\bin\net.dll
0x00007fff01420000 - 0x00007fff01556000 	C:\WINDOWS\SYSTEM32\WINHTTP.dll
0x00007fff043e0000 - 0x00007fff04449000 	C:\WINDOWS\system32\mswsock.dll
0x00007ffef1950000 - 0x00007ffef1966000 	D:\develop\jdk\bin\nio.dll
0x00007ffef3640000 - 0x00007ffef365a000 	D:\develop\ideaU\IntelliJ IDEA 2023.2\bin\breakgen64.dll
0x00007fff03a50000 - 0x00007fff03b48000 	C:\WINDOWS\SYSTEM32\DNSAPI.dll
0x00007fff039e0000 - 0x00007fff03a0d000 	C:\WINDOWS\SYSTEM32\IPHLPAPI.DLL
0x00007fff06930000 - 0x00007fff06939000 	C:\WINDOWS\System32\NSI.dll
0x00007ffefdd70000 - 0x00007ffefdd7a000 	C:\Windows\System32\rasadhlp.dll
0x00007ffefe2d0000 - 0x00007ffefe353000 	C:\WINDOWS\System32\fwpuclnt.dll
0x00007ffef3860000 - 0x00007ffef386a000 	D:\develop\jdk\bin\management.dll
0x00007ffef3660000 - 0x00007ffef366b000 	D:\develop\jdk\bin\management_ext.dll
0x00007fff04620000 - 0x00007fff0463b000 	C:\WINDOWS\SYSTEM32\CRYPTSP.dll
0x00007fff03ed0000 - 0x00007fff03f05000 	C:\WINDOWS\system32\rsaenh.dll
0x00007fff044b0000 - 0x00007fff044d8000 	C:\WINDOWS\SYSTEM32\USERENV.dll
0x00007fff04680000 - 0x00007fff0468c000 	C:\WINDOWS\SYSTEM32\CRYPTBASE.dll
0x00007fff01340000 - 0x00007fff01359000 	C:\WINDOWS\SYSTEM32\dhcpcsvc6.DLL
0x00007fff01020000 - 0x00007fff0103f000 	C:\WINDOWS\SYSTEM32\dhcpcsvc.DLL
0x00007ffedf140000 - 0x00007ffedf157000 	C:\WINDOWS\system32\napinsp.dll
0x00007ffedf120000 - 0x00007ffedf13b000 	C:\WINDOWS\system32\pnrpnsp.dll
0x00007ffedee10000 - 0x00007ffedee21000 	C:\WINDOWS\System32\winrnr.dll
0x00007ffedeff0000 - 0x00007ffedf005000 	C:\WINDOWS\system32\wshbth.dll
0x00007ffededc0000 - 0x00007ffedede7000 	C:\WINDOWS\system32\nlansp_c.dll
0x0000000180000000 - 0x000000018034e000 	D:\develop\tomcat\apache-tomcat-10.1.13\bin\tcnative-1.dll
0x00007fff05760000 - 0x00007fff058c7000 	C:\WINDOWS\System32\CRYPT32.dll
0x00007ffef2360000 - 0x00007ffef236e000 	D:\develop\jdk\bin\sunmscapi.dll
0x00007fff04820000 - 0x00007fff0484e000 	C:\WINDOWS\SYSTEM32\ncrypt.dll
0x00007fff047e0000 - 0x00007fff04817000 	C:\WINDOWS\SYSTEM32\NTASN1.dll
0x00007ffef28d0000 - 0x00007ffef28e0000 	D:\develop\jdk\bin\verify.dll
0x00007ffea9010000 - 0x00007ffea9018000 	C:\WINDOWS\system32\wshunix.dll
0x00007ffef30b0000 - 0x00007ffef30bc000 	D:\develop\openalpr\openalpr-2.3.0-win-64bit\openalpr_64\openalprjni.dll
0x00007ffeb7f80000 - 0x00007ffeb84d8000 	D:\develop\openalpr\openalpr-2.3.0-win-64bit\openalpr_64\openalpr.dll
0x00007ffebca60000 - 0x00007ffebcd56000 	D:\develop\openalpr\openalpr-2.3.0-win-64bit\openalpr_64\liblept170.dll
0x00007ffeabda0000 - 0x00007ffeacb1f000 	D:\develop\openalpr\openalpr-2.3.0-win-64bit\openalpr_64\opencv_world300.dll
0x00007fff06980000 - 0x00007fff06b25000 	C:\WINDOWS\System32\ole32.dll
0x00007fff077f0000 - 0x00007fff078e8000 	C:\WINDOWS\System32\COMDLG32.dll
0x00007ffeee120000 - 0x00007ffeee13a000 	C:\WINDOWS\SYSTEM32\AVICAP32.dll
0x00007ffed1f20000 - 0x00007ffed1f44000 	C:\WINDOWS\SYSTEM32\AVIFIL32.dll
0x00007ffef2f90000 - 0x00007ffef2fbb000 	C:\WINDOWS\SYSTEM32\MSVFW32.dll
0x00007ffecb5c0000 - 0x00007ffecb60d000 	C:\WINDOWS\SYSTEM32\CONCRT140.dll
0x00007ffecd100000 - 0x00007ffecd11e000 	C:\WINDOWS\SYSTEM32\MSACM32.dll
0x00007ffee47b0000 - 0x00007ffee47cd000 	C:\WINDOWS\SYSTEM32\OpenCL.dll
0x00007fff04b70000 - 0x00007fff04bbe000 	C:\WINDOWS\SYSTEM32\cfgmgr32.dll
0x00007fff02160000 - 0x00007fff02199000 	C:\WINDOWS\SYSTEM32\dxcore.dll
0x00007fff06880000 - 0x00007fff06930000 	C:\WINDOWS\System32\clbcatq.dll
0x00007fff023e0000 - 0x00007fff024d7000 	C:\WINDOWS\SYSTEM32\dxgi.dll
0x00007ffefdac0000 - 0x00007ffefdb09000 	C:\WINDOWS\SYSTEM32\directxdatabasehelper.dll
0x00007ffeb0550000 - 0x00007ffeb0cae000 	C:\WINDOWS\System32\DriverStore\FileRepository\iigd_dch.inf_amd64_3f6d07a2825d6c0c\igdrcl64.dll
0x00007ffef91a0000 - 0x00007ffef95b7000 	C:\WINDOWS\System32\DriverStore\FileRepository\iigd_dch.inf_amd64_3f6d07a2825d6c0c\igdgmm64.dll
0x00007ffec5d40000 - 0x00007ffec5e5a000 	C:\WINDOWS\System32\DriverStore\FileRepository\iigd_dch.inf_amd64_3f6d07a2825d6c0c\igdfcl64.dll
0x00007ffef5460000 - 0x00007ffef915c000 	C:\WINDOWS\System32\DriverStore\FileRepository\iigd_dch.inf_amd64_3f6d07a2825d6c0c\igc64.dll

dbghelp: loaded successfully - version: 4.0.5 - missing functions: none
symbol engine: initialized successfully - sym options: 0x614 - pdb path: .;D:\develop\jdk\bin;C:\WINDOWS\SYSTEM32;C:\WINDOWS\WinSxS\amd64_microsoft.windows.common-controls_6595b64144ccf1df_6.0.22621.3672_none_2713b9d173822955;D:\develop\jdk\bin\server;D:\develop\ideaU\IntelliJ IDEA 2023.2\bin;D:\develop\tomcat\apache-tomcat-10.1.13\bin;D:\develop\openalpr\openalpr-2.3.0-win-64bit\openalpr_64;C:\WINDOWS\System32\DriverStore\FileRepository\iigd_dch.inf_amd64_3f6d07a2825d6c0c

VM Arguments:
jvm_args: -XX:TieredStopAtLevel=1 -Dspring.output.ansi.enabled=always -Dcom.sun.management.jmxremote -Dspring.jmx.enabled=true -Dspring.liveBeansView.mbeanDomain -Dspring.application.admin.enabled=true -Dmanagement.endpoints.jmx.exposure.include=* -javaagent:D:\develop\ideaU\IntelliJ IDEA 2023.2\lib\idea_rt.jar=64023:D:\develop\ideaU\IntelliJ IDEA 2023.2\bin -Dfile.encoding=UTF-8 
java_command: com.example.SpringbootApplication
java_class_path (initial): C:\Users\br\Desktop\testDemo\BasicProject\springboot\target\classes;D:\develop\maven\apache-maven-3.6.1\mvn_repo\org\springframework\boot\spring-boot-starter-web\3.1.2\spring-boot-starter-web-3.1.2.jar;D:\develop\maven\apache-maven-3.6.1\mvn_repo\org\springframework\boot\spring-boot-starter\3.1.2\spring-boot-starter-3.1.2.jar;D:\develop\maven\apache-maven-3.6.1\mvn_repo\org\springframework\boot\spring-boot\3.1.2\spring-boot-3.1.2.jar;D:\develop\maven\apache-maven-3.6.1\mvn_repo\org\springframework\boot\spring-boot-autoconfigure\3.1.2\spring-boot-autoconfigure-3.1.2.jar;D:\develop\maven\apache-maven-3.6.1\mvn_repo\org\springframework\boot\spring-boot-starter-logging\3.1.2\spring-boot-starter-logging-3.1.2.jar;D:\develop\maven\apache-maven-3.6.1\mvn_repo\ch\qos\logback\logback-classic\1.4.8\logback-classic-1.4.8.jar;D:\develop\maven\apache-maven-3.6.1\mvn_repo\ch\qos\logback\logback-core\1.4.8\logback-core-1.4.8.jar;D:\develop\maven\apache-maven-3.6.1\mvn_repo\org\apache\logging\log4j\log4j-to-slf4j\2.20.0\log4j-to-slf4j-2.20.0.jar;D:\develop\maven\apache-maven-3.6.1\mvn_repo\org\apache\logging\log4j\log4j-api\2.20.0\log4j-api-2.20.0.jar;D:\develop\maven\apache-maven-3.6.1\mvn_repo\org\slf4j\jul-to-slf4j\2.0.7\jul-to-slf4j-2.0.7.jar;D:\develop\maven\apache-maven-3.6.1\mvn_repo\jakarta\annotation\jakarta.annotation-api\2.1.1\jakarta.annotation-api-2.1.1.jar;D:\develop\maven\apache-maven-3.6.1\mvn_repo\org\yaml\snakeyaml\1.33\snakeyaml-1.33.jar;D:\develop\maven\apache-maven-3.6.1\mvn_repo\org\springframework\boot\spring-boot-starter-json\3.1.2\spring-boot-starter-json-3.1.2.jar;D:\develop\maven\apache-maven-3.6.1\mvn_repo\com\fasterxml\jackson\datatype\jackson-datatype-jdk8\2.15.2\jackson-datatype-jdk8-2.15.2.jar;D:\develop\maven\apache-maven-3.6.1\mvn_repo\com\fasterxml\jackson\datatype\jackson-datatype-jsr310\2.15.2\jackson-datatype-jsr310-2.15.2.jar;D:\develop\maven\apache-maven-3.6.1\mvn_repo\com\fasterxml\jackson\module\jackson-module-p
Launcher Type: SUN_STANDARD

[Global flags]
     intx CICompilerCount                          = 12                                        {product} {ergonomic}
     uint ConcGCThreads                            = 3                                         {product} {ergonomic}
     uint G1ConcRefinementThreads                  = 13                                        {product} {ergonomic}
   size_t G1HeapRegionSize                         = 2097152                                   {product} {ergonomic}
    uintx GCDrainStackTargetSize                   = 64                                        {product} {ergonomic}
   size_t InitialHeapSize                          = 264241152                                 {product} {ergonomic}
     bool ManagementServer                         = true                                      {product} {command line}
   size_t MarkStackSize                            = 4194304                                   {product} {ergonomic}
   size_t MaxHeapSize                              = 4223664128                                {product} {ergonomic}
   size_t MaxNewSize                               = 2533359616                                {product} {ergonomic}
   size_t MinHeapDeltaBytes                        = 2097152                                   {product} {ergonomic}
   size_t MinHeapSize                              = 8388608                                   {product} {ergonomic}
    uintx NonProfiledCodeHeapSize                  = 0                                      {pd product} {ergonomic}
     bool ProfileInterpreter                       = false                                  {pd product} {command line}
    uintx ProfiledCodeHeapSize                     = 0                                      {pd product} {ergonomic}
   size_t SoftMaxHeapSize                          = 4223664128                             {manageable} {ergonomic}
     intx TieredStopAtLevel                        = 1                                         {product} {command line}
     bool UseCompressedClassPointers               = true                           {product lp64_product} {ergonomic}
     bool UseCompressedOops                        = true                           {product lp64_product} {ergonomic}
     bool UseG1GC                                  = true                                      {product} {ergonomic}
     bool UseLargePagesIndividualAllocation        = false                                  {pd product} {ergonomic}

Logging:
Log output configuration:
 #0: stdout all=warning uptime,level,tags
 #1: stderr all=off uptime,level,tags

Environment Variables:
JAVA_HOME=D:\develop\jdk
PATH=C:\Program Files\Microsoft MPI\Bin\;D:\develop\jdk\bin;C:\Program Files\Common Files\Oracle\Java\javapath;C:\WINDOWS\system32;C:\WINDOWS;C:\WINDOWS\System32\Wbem;C:\WINDOWS\System32\WindowsPowerShell\v1.0\;C:\WINDOWS\System32\OpenSSH\;C:\Program Files\dotnet\;C:\Program Files\MySQL\MySQL Server 8.0\bin\;D:\Mini program\web\dll;C:\Pro;ram Files\Microsoft SQL Server\130\Tools\Binn\;D:\develop\maven\apache-maven-3.6.1\bin;D:\develop\Nodejs\node_global;D:\develop\tomcat\apache-tomcat-10.1.13\bin;D:\develop\git\Git\cmd;D:\develop\xshell\;D:\develop\xftp\;C:\Program Files (x86)\Microsoft SQL Server\160\DTS\Binn\;C:\Program Files\Azure Data Studio\bin;C:\Program Files (x86)\Microsoft SQL Server\160\Tools\Binn\;C:\Program Files\Microsoft SQL Server\160\Tools\Binn\;C:\Program Files\Microsoft SQL Server\Client SDK\ODBC\170\Tools\Binn\;C:\Program Files\Microsoft SQL Server\160\DTS\Binn\;C:\Program Files\Docker\Docker\resources\bin;D:\develop\Nodejs\;D:\develop\openalpr\openalpr-2.3.0-win-64bit\openalpr_64;C:\Program Files\MySQL\MySQL Shell 8.0\bin\;C:\Users\br\AppData\Local\Microsoft\WindowsApps;D:\javadevelop\idea\IntelliJ IDEA 2021.3.2\bin;;D:\develop\Nodejs\node_global;C:\Program Files\Azure Data Studio\bin;C:\Users\br\AppData\Roaming\npm
USERNAME=br
OS=Windows_NT
PROCESSOR_IDENTIFIER=Intel64 Family 6 Model 154 Stepping 3, GenuineIntel



---------------  S Y S T E M  ---------------

OS:
 Windows 11 , 64 bit Build 22621 (10.0.22621.3672)
OS uptime: 0 days 9:55 hours
Hyper-V role detected

CPU: total 16 (initial active 16) (8 cores per cpu, 2 threads per core) family 6 model 154 stepping 3 microcode 0x416, cx8, cmov, fxsr, ht, mmx, 3dnowpref, sse, sse2, sse3, ssse3, sse4.1, sse4.2, popcnt, lzcnt, tsc, tscinvbit, avx, avx2, aes, erms, clmul, bmi1, bmi2, adx, sha, fma, vzeroupper, clflush, clflushopt, clwb, hv

Memory: 4k page, system-wide physical 16108M (2817M free)
TotalPageFile size 26860M (AvailPageFile size 4296M)
current process WorkingSet (physical memory assigned to process): 264M, peak: 264M
current process commit charge ("private bytes"): 316M, peak: 393M

vm_info: Java HotSpot(TM) 64-Bit Server VM (17.0.8+9-LTS-211) for windows-amd64 JRE (17.0.8+9-LTS-211), built on Jun 14 2023 10:34:31 by "mach5one" with MS VC++ 17.1 (VS2022)

END.
